2025-12-29 08:21:29,983 - ERP_SYNC_V1 - INFO - 🚀 [v1] ERP-통합 자동화 시스템 가동 시작
2025-12-29 08:21:29,983 - ERP_SYNC_V1 - INFO - 1️⃣ 이카운트 ERP에서 품목 재고 현황 조회 중...
2025-12-29 08:21:29,983 - ERP_SYNC_V1 - INFO - ✅ 10개의 품목을 ERP에서 가져왔습니다.
2025-12-29 08:21:29,984 - ERP_SYNC_V1 - INFO - 🔍 처리 중: PROD001 (무선 블루투스 이어폰) | 원가: 45000.0 -> 판매가: 58500
2025-12-29 08:21:30,329 - ERP_SYNC_V1 - INFO -    ⚠️ 신규 상품 발견(PROD001), 자동 등록은 현재 비활성화 상태입니다.
2025-12-29 08:21:30,329 - ERP_SYNC_V1 - INFO - 🔍 처리 중: PROD002 (스마트 워치) | 원가: 89000.0 -> 판매가: 115700
2025-12-29 08:21:30,468 - ERP_SYNC_V1 - INFO -    ⚠️ 신규 상품 발견(PROD002), 자동 등록은 현재 비활성화 상태입니다.
2025-12-29 08:21:30,468 - ERP_SYNC_V1 - INFO - 🔍 처리 중: PROD003 (USB-C 충전 케이블) | 원가: 8900.0 -> 판매가: 11600
2025-12-29 08:21:30,582 - ERP_SYNC_V1 - INFO -    ⚠️ 신규 상품 발견(PROD003), 자동 등록은 현재 비활성화 상태입니다.
2025-12-29 08:21:30,582 - ERP_SYNC_V1 - INFO - 🔍 처리 중: PROD004 (노트북 거치대) | 원가: 35000.0 -> 판매가: 45500
2025-12-29 08:21:30,790 - ERP_SYNC_V1 - INFO -    ⚠️ 신규 상품 발견(PROD004), 자동 등록은 현재 비활성화 상태입니다.
2025-12-29 08:21:30,790 - ERP_SYNC_V1 - INFO - 🔍 처리 중: PROD005 (무선 마우스) | 원가: 25000.0 -> 판매가: 32500
2025-12-29 08:21:31,404 - ERP_SYNC_V1 - INFO -    ⚠️ 신규 상품 발견(PROD005), 자동 등록은 현재 비활성화 상태입니다.
2025-12-29 08:21:31,404 - ERP_SYNC_V1 - INFO - 🔍 처리 중: PROD006 (키보드 커버) | 원가: 12000.0 -> 판매가: 15600
2025-12-29 08:21:31,589 - ERP_SYNC_V1 - INFO -    ⚠️ 신규 상품 발견(PROD006), 자동 등록은 현재 비활성화 상태입니다.
2025-12-29 08:21:31,602 - ERP_SYNC_V1 - INFO - 🔍 처리 중: PROD007 (보조배터리) | 원가: 42000.0 -> 판매가: 54600
2025-12-29 08:21:31,961 - ERP_SYNC_V1 - INFO -    ⚠️ 신규 상품 발견(PROD007), 자동 등록은 현재 비활성화 상태입니다.
2025-12-29 08:21:31,962 - ERP_SYNC_V1 - INFO - 🔍 처리 중: PROD008 (스마트폰 케이스) | 원가: 15000.0 -> 판매가: 19500
2025-12-29 08:21:32,131 - ERP_SYNC_V1 - INFO -    ⚠️ 신규 상품 발견(PROD008), 자동 등록은 현재 비활성화 상태입니다.
2025-12-29 08:21:32,132 - ERP_SYNC_V1 - INFO - 🔍 처리 중: PROD009 (태블릿 보호필름) | 원가: 9800.0 -> 판매가: 12800
2025-12-29 08:21:32,252 - ERP_SYNC_V1 - INFO -    ⚠️ 신규 상품 발견(PROD009), 자동 등록은 현재 비활성화 상태입니다.
2025-12-29 08:21:32,252 - ERP_SYNC_V1 - INFO - 🔍 처리 중: PROD010 (휴대용 스피커) | 원가: 68000.0 -> 판매가: 88400
2025-12-29 08:21:32,377 - ERP_SYNC_V1 - INFO -    ⚠️ 신규 상품 발견(PROD010), 자동 등록은 현재 비활성화 상태입니다.
